=== avg_steps ===
0: item: [12, 12, 12, 12, 12, 12, 12, 12, 13, 12, 13, 13, 13, 12, 13, 12, 13, 13, 12, 12, 12, 12, 12, 12, 12, 12, 12, 12, 12, 12, 12, 12, 12, 12, 12, 12, 12, 12, 12, 12, 12, 12, 12, 12, 12, 12, 12] -- color: #d93b3b
=== speeds_per_categories ===
0: item: [89, 89, 89, 85, 84, 92, 95, 90, 106, 108, 111, 105, 106, 106, 107, 103, 107, 107, 104, 99, 96, 102, 104, 99, 100, 95, 98, 106, 101, 97, 93, 95, 92, 92, 94, 97, 97, 92, 92, 95, 90, 95, 91, 93, 94, 103, 94] -- color: #a56774
1: item: [47, 47, 47, 47, 47, 47, 47, 47, 47, 48, 47, 49, 49, 48, 48, 49, 48, 49, 49, 47, 48, 47, 48, 47, 47, 48, 48, 47, 47, 47, 48, 48, 48, 48, 49, 48, 49, 49, 50, 48, 49, 47, 48, 49, 49, 49, 51] -- color: #027333
2: item: [68, 68, 68, 68, 66, 67, 67, 71, 67, 75, 68, 70, 76, 69, 70, 72, 72, 73, 78, 73, 71, 76, 71, 74, 72, 70, 73, 71, 71, 72, 74, 72, 75, 75, 72, 75, 76, 72, 75, 75, 73, 78, 72, 74, 77, 74, 74] -- color: #6e3e27
3: item: [132, 132, 132, 132, 134, 151, 156, 149, 146, 153, 164, 155, 156, 154, 153, 155, 153, 140, 137, 141, 142, 150, 150, 153, 169, 168, 166, 162, 171, 172, 165, 160, 168, 174, 178, 173, 165, 150, 149, 139, 152, 151, 148, 145, 149, 146, 137] -- color: #d99923
4: item: [140, 140, 140, 140, 177, 160, 190, 203, 203, 203, 203, 117, 73, 35, 149, 144, 136, 167, 183, 166, 127, 89, 161, 146, 146, 167, 188, 168, 136, 162, 172, 159, 148, 120, 142, 148, 148, 176, 176, 176, 126, 126, 131, 148, 202, 175, 175] -- color: #d93b3b
5: item: [158, 158, 158, 158, 158, 88, 102, 93, 122, 122, 132, 114, 133, 133, 133, 133, 189, 189, 133, 133, 96, 133, 114, 133, 123, 123, 90, 104, 163, 140, 140, 169, 169, 169, 153, 169, 169, 169, 151, 166, 147, 86, 80, 80, 87, 81, 81] -- color: #1E90FF
6: item: [186, 186, 186, 181, 181, 77, 68, 51, 62, 135, 141, 141, 190, 191, 187, 187, 177, 169, 131, 129, 127, 127, 158, 142, 186, 167, 168, 199, 193, 179, 152, 162, 162, 158, 185, 210, 235, 235, 235, 235, 235, 148, 131, 96, 104, 98, 84] -- color: purple
=== extremal_speeds ===
0: item: [69, 69, 69, 69, 68, 69, 70, 69, 70, 72, 72, 73, 73, 72, 73, 75, 74, 74, 73, 72, 71, 70, 71, 72, 72, 72, 71, 70, 72, 73, 72, 72, 72, 71, 72, 72, 72, 72, 72, 72, 73, 73, 72, 75, 74, 74, 74] -- color: #a56774
1: item: [21, 21, 21, 21, 21, 21, 21, 21, 21, 22, 21, 21, 23, 21, 21, 21, 22, 21, 21, 21, 21, 21, 21, 22, 21, 21, 21, 21, 21, 21, 21, 21, 22, 21, 21, 21, 21, 21, 21, 22, 21, 22, 21, 21, 21, 22, 21] -- color: #027333
2: item: [260, 260, 260, 260, 260, 260, 260, 260, 260, 260, 260, 260, 278, 278, 278, 278, 278, 278, 278, 278, 278, 278, 278, 284, 284, 284, 284, 284, 284, 284, 284, 284, 284, 326, 326, 284, 284, 284, 284, 284, 284, 284, 260, 260, 260, 260, 260] -- color: #6e3e27
=== general ===
0: item: [623, 623, 623, 624, 607, 514, 520, 501, 474, 453, 471, 455, 457, 474, 444, 451, 485, 472, 548, 616, 654, 708, 793, 845, 895, 917, 947, 964, 957, 966, 981, 955, 965, 952, 887, 894, 878, 834, 783, 747, 680, 679, 625, 568, 538, 507, 446] -- color: #a56774
1: item: [47, 47, 47, 49, 42, 31, 0, 25, 22, 21, 23, 18, 23, 26, 23, 21, 26, 26, 26, 30, 28, 32, 36, 34, 41, 43, 51, 56, 53, 58, 57, 58, 59, 52, 47, 52, 55, 51, 50, 48, 45, 45, 47, 38, 37, 37, 37] -- color: #027333
2: item: [26, 26, 26, 25, 29, 24, 0, 20, 20, 23, 25, 26, 25, 28, 34, 31, 35, 38, 37, 42, 48, 52, 54, 61, 72, 86, 90, 92, 102, 112, 111, 112, 108, 114, 112, 114, 109, 110, 105, 107, 92, 81, 73, 70, 66, 64, 53] -- color: #6e3e27
=== trains_categories_repartition ===
0: item: [3, 3, 3, 3, 3, 3, 2, 2, 2, 2, 2, 3, 2, 1, 2, 4, 3, 2, 3, 4, 4, 2, 2, 3, 3, 5, 5, 5, 6, 7, 6, 5, 4, 5, 5, 4, 4, 4, 4, 4, 3, 3, 3, 4, 3, 4, 4] -- color: #a56774
1: item: [10, 10, 10, 9, 8, 10, 12, 7, 8, 8, 9, 8, 10, 10, 9, 6, 8, 7, 7, 7, 7, 9, 9, 9, 9, 10, 10, 9, 9, 8, 8, 9, 8, 7, 6, 7, 11, 12, 11, 11, 12, 12, 10, 10, 10, 9, 9] -- color: #027333
2: item: [31, 31, 31, 31, 31, 34, 36, 38, 37, 35, 36, 38, 38, 38, 36, 37, 37, 36, 39, 39, 38, 35, 41, 41, 45, 49, 42, 40, 44, 45, 46, 43, 42, 30, 33, 35, 40, 43, 42, 43, 41, 42, 43, 47, 40, 38, 34] -- color: #6e3e27
3: item: [433, 433, 433, 438, 418, 323, 324, 307, 281, 269, 274, 260, 267, 278, 252, 266, 280, 278, 348, 394, 424, 482, 528, 565, 610, 615, 654, 668, 647, 666, 677, 647, 668, 667, 606, 615, 593, 539, 509, 479, 428, 431, 390, 346, 330, 300, 259] -- color: #d99923
4: item: [3, 3, 3, 2, 2, 3, 3, 2, 2, 4, 4, 4, 3, 4, 5, 5, 4, 3, 2, 3, 3, 3, 3, 4, 3, 5, 4, 3, 4, 4, 4, 5, 5, 3, 1, 2, 1, 1, 1, 1, 1, 2, 3, 2, 3, 1, 1] -- color: #d93b3b
5: item: [137, 137, 137, 135, 139, 138, 141, 142, 141, 132, 144, 139, 135, 141, 138, 131, 152, 145, 147, 167, 175, 175, 207, 221, 222, 230, 230, 238, 244, 232, 236, 241, 233, 235, 230, 226, 224, 230, 211, 206, 193, 187, 174, 157, 150, 154, 138] -- color: #1E90FF
6: item: [6, 6, 6, 6, 6, 3, 2, 3, 3, 3, 2, 3, 2, 2, 2, 2, 1, 1, 2, 2, 3, 2, 3, 2, 3, 3, 2, 1, 3, 4, 4, 5, 5, 5, 6, 5, 5, 5, 5, 3, 2, 2, 2, 2, 2, 1, 1] -- color: purple
